<?xml version="1.0" encoding="UTF-8"?>
<!-- Generated by org.testng.reporters.JUnitReportReporter -->
<testsuite name="com.LoginsTest" tests="32" time="0.154" ignored="0" failures="0" timestamp="17 Jul 2020 10:58:08 GMT" skipped="30" hostname="EC2AMAZ-B6KRLN6" errors="2">
  <testcase name="test2" time="0.004" classname="com.LoginsTest">
    <skipped/>
  </testcase> <!-- test2 -->
  <testcase name="test5" time="0.001" classname="com.LoginsTest">
    <skipped/>
  </testcase> <!-- test5 -->
  <testcase name="test3" time="0.001" classname="com.LoginsTest">
    <skipped/>
  </testcase> <!-- test3 -->
  <testcase name="test3" time="0.002" classname="com.LoginsTest">
    <skipped/>
  </testcase> <!-- test3 -->
  <testcase name="test1" time="0.010" classname="com.LoginsTest">
    <skipped/>
  </testcase> <!-- test1 -->
  <testcase name="test2" time="0.001" classname="com.LoginsTest">
    <skipped/>
  </testcase> <!-- test2 -->
  <testcase name="test1" time="0.003" classname="com.LoginsTest">
    <skipped/>
  </testcase> <!-- test1 -->
  <testcase name="test1" time="0.001" classname="com.LoginsTest">
    <skipped/>
  </testcase> <!-- test1 -->
  <testcase name="tearDown" time="0.000" classname="com.LoginsTest">
    <error type="java.lang.NullPointerException">
      <![CDATA[java.lang.NullPointerException
	at com.LoginsTest.tearDown(LoginsTest.java:133)
	at sun.reflect.NativeMethodAccessorImpl.invoke0(Native Method)
	at sun.reflect.NativeMethodAccessorImpl.invoke(Unknown Source)
	at sun.reflect.DelegatingMethodAccessorImpl.invoke(Unknown Source)
	at java.lang.reflect.Method.invoke(Unknown Source)
	at org.testng.internal.MethodInvocationHelper.invokeMethod(MethodInvocationHelper.java:104)
	at org.testng.internal.Invoker.invokeConfigurationMethod(Invoker.java:515)
	at org.testng.internal.Invoker.invokeConfigurations(Invoker.java:217)
	at org.testng.internal.Invoker.invokeConfigurations(Invoker.java:144)
	at org.testng.internal.TestMethodWorker.invokeAfterClassMethods(TestMethodWorker.java:217)
	at org.testng.internal.TestMethodWorker.run(TestMethodWorker.java:115)
	at org.testng.TestRunner.privateRun(TestRunner.java:756)
	at org.testng.TestRunner.run(TestRunner.java:610)
	at org.testng.SuiteRunner.runTest(SuiteRunner.java:387)
	at org.testng.SuiteRunner.runSequentially(SuiteRunner.java:382)
	at org.testng.SuiteRunner.privateRun(SuiteRunner.java:340)
	at org.testng.SuiteRunner.run(SuiteRunner.java:289)
	at org.testng.SuiteRunnerWorker.runSuite(SuiteRunnerWorker.java:52)
	at org.testng.SuiteRunnerWorker.run(SuiteRunnerWorker.java:86)
	at org.testng.TestNG.runSuitesSequentially(TestNG.java:1293)
	at org.testng.TestNG.runSuitesLocally(TestNG.java:1218)
	at org.testng.TestNG.runSuites(TestNG.java:1133)
	at org.testng.TestNG.run(TestNG.java:1104)
	at org.testng.remote.AbstractRemoteTestNG.run(AbstractRemoteTestNG.java:115)
	at org.testng.remote.RemoteTestNG.initAndRun(RemoteTestNG.java:251)
	at org.testng.remote.RemoteTestNG.main(RemoteTestNG.java:77)
]]>
    </error>
  </testcase> <!-- tearDown -->
  <testcase name="test1" time="0.002" classname="com.LoginsTest">
    <skipped/>
  </testcase> <!-- test1 -->
  <testcase name="before" time="0.000" classname="com.LoginsTest">
    <error type="org.openqa.selenium.WebDriverException" message="Cannot find firefox binary in PATH. Make sure firefox is installed. OS appears to be: XP
Build info: version: &#039;3.141.59&#039;, revision: &#039;e82be7d358&#039;, time: &#039;2018-11-14T08:25:48&#039;
System info: host: &#039;EC2AMAZ-B6KRLN6&#039;, ip: &#039;172.20.128.1&#039;, os.name: &#039;Windows Server 2016&#039;, os.arch: &#039;amd64&#039;, os.version: &#039;10.0&#039;, java.version: &#039;1.8.0_202&#039;
Driver info: driver.version: FirefoxDriver">
      <![CDATA[org.openqa.selenium.WebDriverException: Cannot find firefox binary in PATH. Make sure firefox is installed. OS appears to be: XP
Build info: version: '3.141.59', revision: 'e82be7d358', time: '2018-11-14T08:25:48'
System info: host: 'EC2AMAZ-B6KRLN6', ip: '172.20.128.1', os.name: 'Windows Server 2016', os.arch: 'amd64', os.version: '10.0', java.version: '1.8.0_202'
Driver info: driver.version: FirefoxDriver
	at org.openqa.selenium.firefox.FirefoxBinary.<init>(FirefoxBinary.java:100)
	at java.util.Optional.orElseGet(Unknown Source)
	at org.openqa.selenium.firefox.FirefoxOptions.getBinary(FirefoxOptions.java:216)
	at org.openqa.selenium.firefox.FirefoxDriver.toExecutor(FirefoxDriver.java:187)
	at org.openqa.selenium.firefox.FirefoxDriver.<init>(FirefoxDriver.java:147)
	at org.openqa.selenium.firefox.FirefoxDriver.<init>(FirefoxDriver.java:125)
	at com.LoginsTest.before(LoginsTest.java:53)
	at sun.reflect.NativeMethodAccessorImpl.invoke0(Native Method)
	at sun.reflect.NativeMethodAccessorImpl.invoke(Unknown Source)
	at sun.reflect.DelegatingMethodAccessorImpl.invoke(Unknown Source)
	at java.lang.reflect.Method.invoke(Unknown Source)
	at org.testng.internal.MethodInvocationHelper.invokeMethod(MethodInvocationHelper.java:104)
	at org.testng.internal.Invoker.invokeConfigurationMethod(Invoker.java:515)
	at org.testng.internal.Invoker.invokeConfigurations(Invoker.java:217)
	at org.testng.internal.Invoker.invokeConfigurations(Invoker.java:144)
	at org.testng.TestRunner.beforeRun(TestRunner.java:634)
	at org.testng.TestRunner.run(TestRunner.java:602)
	at org.testng.SuiteRunner.runTest(SuiteRunner.java:387)
	at org.testng.SuiteRunner.runSequentially(SuiteRunner.java:382)
	at org.testng.SuiteRunner.privateRun(SuiteRunner.java:340)
	at org.testng.SuiteRunner.run(SuiteRunner.java:289)
	at org.testng.SuiteRunnerWorker.runSuite(SuiteRunnerWorker.java:52)
	at org.testng.SuiteRunnerWorker.run(SuiteRunnerWorker.java:86)
	at org.testng.TestNG.runSuitesSequentially(TestNG.java:1293)
	at org.testng.TestNG.runSuitesLocally(TestNG.java:1218)
	at org.testng.TestNG.runSuites(TestNG.java:1133)
	at org.testng.TestNG.run(TestNG.java:1104)
	at org.testng.remote.AbstractRemoteTestNG.run(AbstractRemoteTestNG.java:115)
	at org.testng.remote.RemoteTestNG.initAndRun(RemoteTestNG.java:251)
	at org.testng.remote.RemoteTestNG.main(RemoteTestNG.java:77)
]]>
    </error>
  </testcase> <!-- before -->
  <testcase name="test3" time="0.002" classname="com.LoginsTest">
    <skipped/>
  </testcase> <!-- test3 -->
  <testcase name="test2" time="0.001" classname="com.LoginsTest">
    <skipped/>
  </testcase> <!-- test2 -->
  <testcase name="test4" time="0.001" classname="com.LoginsTest">
    <skipped/>
  </testcase> <!-- test4 -->
  <testcase name="test5" time="0.001" classname="com.LoginsTest">
    <skipped/>
  </testcase> <!-- test5 -->
  <testcase name="test4" time="0.001" classname="com.LoginsTest">
    <skipped/>
  </testcase> <!-- test4 -->
  <testcase name="test5" time="0.001" classname="com.LoginsTest">
    <skipped/>
  </testcase> <!-- test5 -->
  <testcase name="test2" time="0.001" classname="com.LoginsTest">
    <skipped/>
  </testcase> <!-- test2 -->
  <testcase name="test5" time="0.032" classname="com.LoginsTest">
    <skipped/>
  </testcase> <!-- test5 -->
  <testcase name="test2" time="0.000" classname="com.LoginsTest">
    <skipped/>
  </testcase> <!-- test2 -->
  <testcase name="test3" time="0.002" classname="com.LoginsTest">
    <skipped/>
  </testcase> <!-- test3 -->
  <testcase name="test5" time="0.001" classname="com.LoginsTest">
    <skipped/>
  </testcase> <!-- test5 -->
  <testcase name="test4" time="0.001" classname="com.LoginsTest">
    <skipped/>
  </testcase> <!-- test4 -->
  <testcase name="test1" time="0.003" classname="com.LoginsTest">
    <skipped/>
  </testcase> <!-- test1 -->
  <testcase name="test2" time="0.001" classname="com.LoginsTest">
    <skipped/>
  </testcase> <!-- test2 -->
  <testcase name="test5" time="0.001" classname="com.LoginsTest">
    <skipped/>
  </testcase> <!-- test5 -->
  <testcase name="test4" time="0.001" classname="com.LoginsTest">
    <skipped/>
  </testcase> <!-- test4 -->
  <testcase name="test1" time="0.004" classname="com.LoginsTest">
    <skipped/>
  </testcase> <!-- test1 -->
  <testcase name="test4" time="0.073" classname="com.LoginsTest">
    <skipped/>
  </testcase> <!-- test4 -->
  <testcase name="test4" time="0.001" classname="com.LoginsTest">
    <skipped/>
  </testcase> <!-- test4 -->
  <testcase name="test3" time="0.001" classname="com.LoginsTest">
    <skipped/>
  </testcase> <!-- test3 -->
  <testcase name="test3" time="0.000" classname="com.LoginsTest">
    <skipped/>
  </testcase> <!-- test3 -->
</testsuite> <!-- com.LoginsTest -->
